[0.177s] Invoking command in '/home/addinedu/ros2_ws/build/my_first_package_msgs': CMAKE_PREFIX_PATH=${CMAKE_PREFIX_PATH}:/home/addinedu/ros2_ws/install/my_first_package:/opt/ros/humble /usr/bin/cmake /home/addinedu/ros2_ws/src/my_first_package_msgs -DCMAKE_INSTALL_PREFIX=/home/addinedu/ros2_ws/install/my_first_package_msgs
[0.186s] -- Found ament_cmake: 1.3.9 (/opt/ros/humble/share/ament_cmake/cmake)
[0.328s] -- Override CMake install command with custom implementation using symlinks instead of copying resources
[0.333s] -- Found rosidl_default_generators: 1.2.0 (/opt/ros/humble/share/rosidl_default_generators/cmake)
[0.334s] -- Using all available rosidl_typesupport_c: rosidl_typesupport_fastrtps_c;rosidl_typesupport_introspection_c
[0.336s] -- Found rosidl_adapter: 3.1.5 (/opt/ros/humble/share/rosidl_adapter/cmake)
[0.358s] -- Using all available rosidl_typesupport_cpp: rosidl_typesupport_fastrtps_cpp;rosidl_typesupport_introspection_cpp
[0.766s] -- Found ament_cmake_ros: 0.10.0 (/opt/ros/humble/share/ament_cmake_ros/cmake)
[0.984s] -- Using all available rosidl_typesupport_c: rosidl_typesupport_fastrtps_c;rosidl_typesupport_introspection_c
[1.277s] -- Using all available rosidl_typesupport_cpp: rosidl_typesupport_fastrtps_cpp;rosidl_typesupport_introspection_cpp
[1.322s] -- Found python_cmake_module: 0.10.0 (/opt/ros/humble/share/python_cmake_module/cmake)
[1.367s] -- Using PYTHON_EXECUTABLE: /home/addinedu/.pyenv/shims/python3
[1.367s] -- Using PYTHON_INCLUDE_DIRS: /usr/include/python3.10
[1.368s] -- Using PYTHON_LIBRARIES: /usr/lib/x86_64-linux-gnu/libpython3.10.so
[1.383s] -- Found ament_lint_auto: 0.12.11 (/opt/ros/humble/share/ament_lint_auto/cmake)
[1.391s] -- Added test 'lint_cmake' to check CMake code style
[1.392s] -- Added test 'xmllint' to check XML markup files
[1.394s] -- Configuring done
[1.419s] -- Generating done
[1.421s] -- Build files have been written to: /home/addinedu/ros2_ws/build/my_first_package_msgs
[1.426s] Invoked command in '/home/addinedu/ros2_ws/build/my_first_package_msgs' returned '0': CMAKE_PREFIX_PATH=${CMAKE_PREFIX_PATH}:/home/addinedu/ros2_ws/install/my_first_package:/opt/ros/humble /usr/bin/cmake /home/addinedu/ros2_ws/src/my_first_package_msgs -DCMAKE_INSTALL_PREFIX=/home/addinedu/ros2_ws/install/my_first_package_msgs
[1.428s] Invoking command in '/home/addinedu/ros2_ws/build/my_first_package_msgs': CMAKE_PREFIX_PATH=${CMAKE_PREFIX_PATH}:/home/addinedu/ros2_ws/install/my_first_package:/opt/ros/humble /usr/bin/cmake --build /home/addinedu/ros2_ws/build/my_first_package_msgs -- -j12 -l12
[1.460s] [35m[1mConsolidate compiler generated dependencies of target my_first_package_msgs__rosidl_generator_c[0m
[1.467s] failed to create symbolic link '/home/addinedu/ros2_ws/build/my_first_package_msgs/ament_cmake_python/my_first_package_msgs/my_first_package_msgs' because existing path cannot be removed: Is a directory
[1.467s] [  2%] Built target my_first_package_msgs__cpp
[1.467s] gmake[2]: *** [CMakeFiles/ament_cmake_python_symlink_my_first_package_msgs.dir/build.make:70: CMakeFiles/ament_cmake_python_symlink_my_first_package_msgs] Error 1
[1.467s] gmake[1]: *** [CMakeFiles/Makefile2:421: CMakeFiles/ament_cmake_python_symlink_my_first_package_msgs.dir/all] Error 2
[1.467s] gmake[1]: *** Waiting for unfinished jobs....
[1.469s] [ 12%] Built target my_first_package_msgs__rosidl_generator_c
[1.469s] gmake: *** [Makefile:146: all] Error 2
[1.471s] Invoked command in '/home/addinedu/ros2_ws/build/my_first_package_msgs' returned '2': CMAKE_PREFIX_PATH=${CMAKE_PREFIX_PATH}:/home/addinedu/ros2_ws/install/my_first_package:/opt/ros/humble /usr/bin/cmake --build /home/addinedu/ros2_ws/build/my_first_package_msgs -- -j12 -l12
