failed to create symbolic link '/home/addinedu/ros2_ws/build/my_first_package_msgs/ament_cmake_python/my_first_package_msgs/my_first_package_msgs' because existing path cannot be removed: Is a directory
[  2%] Built target my_first_package_msgs__cpp
gmake[2]: *** [CMakeFiles/ament_cmake_python_symlink_my_first_package_msgs.dir/build.make:70: CMakeFiles/ament_cmake_python_symlink_my_first_package_msgs] Error 1
[ 12%] Built target my_first_package_msgs__rosidl_generator_c
gmake[1]: *** [CMakeFiles/Makefile2:421: CMakeFiles/ament_cmake_python_symlink_my_first_package_msgs.dir/all] Error 2
gmake[1]: *** Waiting for unfinished jobs....
gmake: *** [Makefile:146: all] Error 2
