[0.007s] Invoking command in '/home/addinedu/ros2_ws/build/my_first_package_msgs': CMAKE_PREFIX_PATH=${CMAKE_PREFIX_PATH}:/home/addinedu/ros2_ws/install/my_first_package:/opt/ros/humble /usr/bin/cmake --build /home/addinedu/ros2_ws/build/my_first_package_msgs -- -j12 -l12
[0.044s] failed to create symbolic link '/home/addinedu/ros2_ws/build/my_first_package_msgs/ament_cmake_python/my_first_package_msgs/my_first_package_msgs' because existing path cannot be removed: Is a directory
[0.045s] [  2%] Built target my_first_package_msgs__cpp
[0.045s] gmake[2]: *** [CMakeFiles/ament_cmake_python_symlink_my_first_package_msgs.dir/build.make:70: CMakeFiles/ament_cmake_python_symlink_my_first_package_msgs] Error 1
[0.045s] [ 12%] Built target my_first_package_msgs__rosidl_generator_c
[0.045s] gmake[1]: *** [CMakeFiles/Makefile2:421: CMakeFiles/ament_cmake_python_symlink_my_first_package_msgs.dir/all] Error 2
[0.045s] gmake[1]: *** Waiting for unfinished jobs....
[0.046s] gmake: *** [Makefile:146: all] Error 2
[0.048s] Invoked command in '/home/addinedu/ros2_ws/build/my_first_package_msgs' returned '2': CMAKE_PREFIX_PATH=${CMAKE_PREFIX_PATH}:/home/addinedu/ros2_ws/install/my_first_package:/opt/ros/humble /usr/bin/cmake --build /home/addinedu/ros2_ws/build/my_first_package_msgs -- -j12 -l12
